<?xml version="1.0" encoding="UTF-8"?>
<!-- Generated by org.testng.reporters.JUnitReportReporter -->
<testsuite hostname="DESKTOP-6V86C2L" failures="0" tests="1" name="testcases.TC02" time="2.063" errors="0" timestamp="25 Jul 2022 11:08:47 GMT" skipped="0">
  <testcase classname="testcases.TC02" name="init" time="2.063"/>
</testsuite> <!-- testcases.TC02 -->
